This file contains any messages produced by compilers while
running configure, to aid debugging if configure makes a mistake.

It was created by TraChan configure 1.0.0, which was
generated by GNU Autoconf 2.59.  Invocation command line was

  $ ./configure 

## --------- ##
## Platform. ##
## --------- ##

hostname = KasaharaMB2016.local
uname -m = x86_64
uname -r = 15.5.0
uname -s = Darwin
uname -v = Darwin Kernel Version 15.5.0: Tue Apr 19 18:36:36 PDT 2016; root:xnu-3248.50.21~8/RELEASE_X86_64

/usr/bin/uname -p = i386
/bin/uname -X     = unknown

/bin/arch              = unknown
/usr/bin/arch -k       = unknown
/usr/convex/getsysinfo = unknown
hostinfo               = Mach kernel version:
	 Darwin Kernel Version 15.5.0: Tue Apr 19 18:36:36 PDT 2016; root:xnu-3248.50.21~8/RELEASE_X86_64
Kernel configured for up to 4 processors.
2 processors are physically available.
4 processors are logically available.
Processor type: x86_64h (Intel x86-64h Haswell)
Processors active: 0 1 2 3
Primary memory available: 8.00 gigabytes
Default processor set: 319 tasks, 1498 threads, 4 processors
Load average: 4.14, Mach factor: 2.26
/bin/machine           = unknown
/usr/bin/oslevel       = unknown
/bin/universe          = unknown

PATH: /usr/local/texlive/2016/bin/x86_64-darwin/
PATH: /opt/local/bin
PATH: /opt/local/sbin
PATH: /usr/local/texlive/2014/bin/x86_64-darwin/
PATH: /Users/kota/bin
PATH: /Developer/NVIDIA/CUDA-5.5/bin
PATH: /Users/kota/local/GSI-SSHTerm-0.91i-nii4/bin
PATH: /Users/kota/local/gt5.2.2/bin
PATH: /opt/local/bin
PATH: /opt/local/sbin
PATH: /usr/local/bin
PATH: /usr/bin
PATH: /bin
PATH: /usr/sbin
PATH: /sbin
PATH: /opt/X11/bin
PATH: /Library/TeX/texbin


## ----------- ##
## Core tests. ##
## ----------- ##

configure:1362: checking for a BSD-compatible install
configure:1417: result: /usr/bin/install -c
configure:1428: checking whether build environment is sane
configure:1471: result: yes
configure:1536: checking for gawk
configure:1565: result: no
configure:1536: checking for mawk
configure:1565: result: no
configure:1536: checking for nawk
configure:1565: result: no
configure:1536: checking for awk
configure:1552: found /usr/bin/awk
configure:1562: result: awk
configure:1572: checking whether make sets $(MAKE)
configure:1592: result: yes
configure:1817: checking for g++
configure:1833: found /usr/bin/g++
configure:1843: result: g++
configure:1859: checking for C++ compiler version
configure:1862: g++ --version </dev/null >&5
Configured with: --prefix=/Applications/Xcode.app/Contents/Developer/usr --with-gxx-include-dir=/usr/include/c++/4.2.1
Apple LLVM version 7.3.0 (clang-703.0.31)
Target: x86_64-apple-darwin15.5.0
Thread model: posix
InstalledDir: /Applications/Xcode.app/Contents/Developer/Toolchains/XcodeDefault.xctoolchain/usr/bin
configure:1865: $? = 0
configure:1867: g++ -v </dev/null >&5
Configured with: --prefix=/Applications/Xcode.app/Contents/Developer/usr --with-gxx-include-dir=/usr/include/c++/4.2.1
Apple LLVM version 7.3.0 (clang-703.0.31)
Target: x86_64-apple-darwin15.5.0
Thread model: posix
InstalledDir: /Applications/Xcode.app/Contents/Developer/Toolchains/XcodeDefault.xctoolchain/usr/bin
configure:1870: $? = 0
configure:1872: g++ -V </dev/null >&5
clang: error: argument to '-V' is missing (expected 1 value)
clang: error: no input files
configure:1875: $? = 1
configure:1898: checking for C++ compiler default output file name
configure:1901: g++    conftest.cc  >&5
configure:1904: $? = 0
configure:1950: result: a.out
configure:1955: checking whether the C++ compiler works
configure:1961: ./a.out
configure:1964: $? = 0
configure:1981: result: yes
configure:1988: checking whether we are cross compiling
configure:1990: result: no
configure:1993: checking for suffix of executables
configure:1995: g++ -o conftest    conftest.cc  >&5
configure:1998: $? = 0
configure:2023: result: 
configure:2029: checking for suffix of object files
configure:2050: g++ -c   conftest.cc >&5
configure:2053: $? = 0
configure:2075: result: o
configure:2079: checking whether we are using the GNU C++ compiler
configure:2103: g++ -c   conftest.cc >&5
configure:2109: $? = 0
configure:2113: test -z 
			 || test ! -s conftest.err
configure:2116: $? = 0
configure:2119: test -s conftest.o
configure:2122: $? = 0
configure:2135: result: yes
configure:2141: checking whether g++ accepts -g
configure:2162: g++ -c -g  conftest.cc >&5
configure:2168: $? = 0
configure:2172: test -z 
			 || test ! -s conftest.err
configure:2175: $? = 0
configure:2178: test -s conftest.o
configure:2181: $? = 0
configure:2192: result: yes
configure:2234: g++ -c -g -O2  conftest.cc >&5
configure:2240: $? = 0
configure:2244: test -z 
			 || test ! -s conftest.err
configure:2247: $? = 0
configure:2250: test -s conftest.o
configure:2253: $? = 0
configure:2279: g++ -c -g -O2  conftest.cc >&5
conftest.cc:15:1: error: use of undeclared identifier 'exit'
exit (42);
^
1 error generated.
configure:2285: $? = 1
configure: failed program was:
| /* confdefs.h.  */
| 
| #define PACKAGE_NAME "TraChan"
| #define PACKAGE_TARNAME "trachan"
| #define PACKAGE_VERSION "1.0.0"
| #define PACKAGE_STRING "TraChan 1.0.0"
| #define PACKAGE_BUGREPORT "kasahara@ecei.tohoku.ac.jp"
| #define PACKAGE "trachan"
| #define VERSION "1.0.0"
| /* end confdefs.h.  */
| 
| int
| main ()
| {
| exit (42);
|   ;
|   return 0;
| }
configure:2234: g++ -c -g -O2  conftest.cc >&5
conftest.cc:11:17: error: use of undeclared identifier 'std'
extern "C" void std::exit (int) throw (); using std::exit;
                ^
conftest.cc:11:49: error: use of undeclared identifier 'std'
extern "C" void std::exit (int) throw (); using std::exit;
                                                ^
2 errors generated.
configure:2240: $? = 1
configure: failed program was:
| /* confdefs.h.  */
| 
| #define PACKAGE_NAME "TraChan"
| #define PACKAGE_TARNAME "trachan"
| #define PACKAGE_VERSION "1.0.0"
| #define PACKAGE_STRING "TraChan 1.0.0"
| #define PACKAGE_BUGREPORT "kasahara@ecei.tohoku.ac.jp"
| #define PACKAGE "trachan"
| #define VERSION "1.0.0"
| /* end confdefs.h.  */
| extern "C" void std::exit (int) throw (); using std::exit;
| #include <stdlib.h>
| int
| main ()
| {
| exit (42);
|   ;
|   return 0;
| }
configure:2234: g++ -c -g -O2  conftest.cc >&5
conftest.cc:11:17: error: use of undeclared identifier 'std'
extern "C" void std::exit (int); using std::exit;
                ^
conftest.cc:11:40: error: use of undeclared identifier 'std'
extern "C" void std::exit (int); using std::exit;
                                       ^
2 errors generated.
configure:2240: $? = 1
configure: failed program was:
| /* confdefs.h.  */
| 
| #define PACKAGE_NAME "TraChan"
| #define PACKAGE_TARNAME "trachan"
| #define PACKAGE_VERSION "1.0.0"
| #define PACKAGE_STRING "TraChan 1.0.0"
| #define PACKAGE_BUGREPORT "kasahara@ecei.tohoku.ac.jp"
| #define PACKAGE "trachan"
| #define VERSION "1.0.0"
| /* end confdefs.h.  */
| extern "C" void std::exit (int); using std::exit;
| #include <stdlib.h>
| int
| main ()
| {
| exit (42);
|   ;
|   return 0;
| }
configure:2234: g++ -c -g -O2  conftest.cc >&5
In file included from conftest.cc:12:
/usr/include/stdlib.h:142:7: error: 'exit' is missing exception specification 'throw()'
void     exit(int) __dead2;
         ^
conftest.cc:11:17: note: previous declaration is here
extern "C" void exit (int) throw ();
                ^
1 error generated.
configure:2240: $? = 1
configure: failed program was:
| /* confdefs.h.  */
| 
| #define PACKAGE_NAME "TraChan"
| #define PACKAGE_TARNAME "trachan"
| #define PACKAGE_VERSION "1.0.0"
| #define PACKAGE_STRING "TraChan 1.0.0"
| #define PACKAGE_BUGREPORT "kasahara@ecei.tohoku.ac.jp"
| #define PACKAGE "trachan"
| #define VERSION "1.0.0"
| /* end confdefs.h.  */
| extern "C" void exit (int) throw ();
| #include <stdlib.h>
| int
| main ()
| {
| exit (42);
|   ;
|   return 0;
| }
configure:2234: g++ -c -g -O2  conftest.cc >&5
configure:2240: $? = 0
configure:2244: test -z 
			 || test ! -s conftest.err
configure:2247: $? = 0
configure:2250: test -s conftest.o
configure:2253: $? = 0
configure:2279: g++ -c -g -O2  conftest.cc >&5
configure:2285: $? = 0
configure:2289: test -z 
			 || test ! -s conftest.err
configure:2292: $? = 0
configure:2295: test -s conftest.o
configure:2298: $? = 0
configure:2332: checking for style of include used by make
configure:2360: result: GNU
configure:2388: checking dependency style of g++
configure:2478: result: gcc3
configure:2541: checking for gcc
configure:2557: found /usr/bin/gcc
configure:2567: result: gcc
configure:2811: checking for C compiler version
configure:2814: gcc --version </dev/null >&5
Configured with: --prefix=/Applications/Xcode.app/Contents/Developer/usr --with-gxx-include-dir=/usr/include/c++/4.2.1
Apple LLVM version 7.3.0 (clang-703.0.31)
Target: x86_64-apple-darwin15.5.0
Thread model: posix
InstalledDir: /Applications/Xcode.app/Contents/Developer/Toolchains/XcodeDefault.xctoolchain/usr/bin
configure:2817: $? = 0
configure:2819: gcc -v </dev/null >&5
Configured with: --prefix=/Applications/Xcode.app/Contents/Developer/usr --with-gxx-include-dir=/usr/include/c++/4.2.1
Apple LLVM version 7.3.0 (clang-703.0.31)
Target: x86_64-apple-darwin15.5.0
Thread model: posix
InstalledDir: /Applications/Xcode.app/Contents/Developer/Toolchains/XcodeDefault.xctoolchain/usr/bin
configure:2822: $? = 0
configure:2824: gcc -V </dev/null >&5
clang: error: argument to '-V' is missing (expected 1 value)
clang: error: no input files
configure:2827: $? = 1
configure:2830: checking whether we are using the GNU C compiler
configure:2854: gcc -c   conftest.c >&5
configure:2860: $? = 0
configure:2864: test -z 
			 || test ! -s conftest.err
configure:2867: $? = 0
configure:2870: test -s conftest.o
configure:2873: $? = 0
configure:2886: result: yes
configure:2892: checking whether gcc accepts -g
configure:2913: gcc -c -g  conftest.c >&5
configure:2919: $? = 0
configure:2923: test -z 
			 || test ! -s conftest.err
configure:2926: $? = 0
configure:2929: test -s conftest.o
configure:2932: $? = 0
configure:2943: result: yes
configure:2960: checking for gcc option to accept ANSI C
configure:3030: gcc  -c -g -O2  conftest.c >&5
configure:3036: $? = 0
configure:3040: test -z 
			 || test ! -s conftest.err
configure:3043: $? = 0
configure:3046: test -s conftest.o
configure:3049: $? = 0
configure:3067: result: none needed
configure:3085: gcc -c -g -O2  conftest.c >&5
conftest.c:2:3: error: unknown type name 'choke'
  choke me
  ^
conftest.c:2:11: error: expected ';' after top level declarator
  choke me
          ^
          ;
2 errors generated.
configure:3091: $? = 1
configure: failed program was:
| #ifndef __cplusplus
|   choke me
| #endif
configure:3226: checking dependency style of gcc
configure:3316: result: gcc3
configure:3345: checking how to run the C preprocessor
configure:3380: gcc -E  conftest.c
configure:3386: $? = 0
configure:3418: gcc -E  conftest.c
conftest.c:14:10: fatal error: 'ac_nonexistent.h' file not found
#include <ac_nonexistent.h>
         ^
1 error generated.
configure:3424: $? = 1
configure: failed program was:
| /* confdefs.h.  */
| 
| #define PACKAGE_NAME "TraChan"
| #define PACKAGE_TARNAME "trachan"
| #define PACKAGE_VERSION "1.0.0"
| #define PACKAGE_STRING "TraChan 1.0.0"
| #define PACKAGE_BUGREPORT "kasahara@ecei.tohoku.ac.jp"
| #define PACKAGE "trachan"
| #define VERSION "1.0.0"
| #ifdef __cplusplus
| extern "C" void exit (int);
| #endif
| /* end confdefs.h.  */
| #include <ac_nonexistent.h>
configure:3463: result: gcc -E
configure:3487: gcc -E  conftest.c
configure:3493: $? = 0
configure:3525: gcc -E  conftest.c
conftest.c:14:10: fatal error: 'ac_nonexistent.h' file not found
#include <ac_nonexistent.h>
         ^
1 error generated.
configure:3531: $? = 1
configure: failed program was:
| /* confdefs.h.  */
| 
| #define PACKAGE_NAME "TraChan"
| #define PACKAGE_TARNAME "trachan"
| #define PACKAGE_VERSION "1.0.0"
| #define PACKAGE_STRING "TraChan 1.0.0"
| #define PACKAGE_BUGREPORT "kasahara@ecei.tohoku.ac.jp"
| #define PACKAGE "trachan"
| #define VERSION "1.0.0"
| #ifdef __cplusplus
| extern "C" void exit (int);
| #endif
| /* end confdefs.h.  */
| #include <ac_nonexistent.h>
configure:3575: checking for egrep
configure:3585: result: grep -E
configure:3590: checking for ANSI C header files
configure:3615: gcc -c -g -O2  conftest.c >&5
configure:3621: $? = 0
configure:3625: test -z 
			 || test ! -s conftest.err
configure:3628: $? = 0
configure:3631: test -s conftest.o
configure:3634: $? = 0
configure:3723: gcc -o conftest -g -O2   conftest.c  >&5
conftest.c:31:7: warning: implicitly declaring library function 'exit' with type 'void (int) __attribute__((noreturn))' [-Wimplicit-function-declaration]
      exit(2);
      ^
conftest.c:31:7: note: include the header <stdlib.h> or explicitly provide a declaration for 'exit'
1 warning generated.
configure:3726: $? = 0
configure:3728: ./conftest
configure:3731: $? = 0
configure:3746: result: yes
configure:3770: checking for sys/types.h
configure:3786: gcc -c -g -O2  conftest.c >&5
configure:3792: $? = 0
configure:3796: test -z 
			 || test ! -s conftest.err
configure:3799: $? = 0
configure:3802: test -s conftest.o
configure:3805: $? = 0
configure:3816: result: yes
configure:3770: checking for sys/stat.h
configure:3786: gcc -c -g -O2  conftest.c >&5
configure:3792: $? = 0
configure:3796: test -z 
			 || test ! -s conftest.err
configure:3799: $? = 0
configure:3802: test -s conftest.o
configure:3805: $? = 0
configure:3816: result: yes
configure:3770: checking for stdlib.h
configure:3786: gcc -c -g -O2  conftest.c >&5
configure:3792: $? = 0
configure:3796: test -z 
			 || test ! -s conftest.err
configure:3799: $? = 0
configure:3802: test -s conftest.o
configure:3805: $? = 0
configure:3816: result: yes
configure:3770: checking for string.h
configure:3786: gcc -c -g -O2  conftest.c >&5
configure:3792: $? = 0
configure:3796: test -z 
			 || test ! -s conftest.err
configure:3799: $? = 0
configure:3802: test -s conftest.o
configure:3805: $? = 0
configure:3816: result: yes
configure:3770: checking for memory.h
configure:3786: gcc -c -g -O2  conftest.c >&5
configure:3792: $? = 0
configure:3796: test -z 
			 || test ! -s conftest.err
configure:3799: $? = 0
configure:3802: test -s conftest.o
configure:3805: $? = 0
configure:3816: result: yes
configure:3770: checking for strings.h
configure:3786: gcc -c -g -O2  conftest.c >&5
configure:3792: $? = 0
configure:3796: test -z 
			 || test ! -s conftest.err
configure:3799: $? = 0
configure:3802: test -s conftest.o
configure:3805: $? = 0
configure:3816: result: yes
configure:3770: checking for inttypes.h
configure:3786: gcc -c -g -O2  conftest.c >&5
configure:3792: $? = 0
configure:3796: test -z 
			 || test ! -s conftest.err
configure:3799: $? = 0
configure:3802: test -s conftest.o
configure:3805: $? = 0
configure:3816: result: yes
configure:3770: checking for stdint.h
configure:3786: gcc -c -g -O2  conftest.c >&5
configure:3792: $? = 0
configure:3796: test -z 
			 || test ! -s conftest.err
configure:3799: $? = 0
configure:3802: test -s conftest.o
configure:3805: $? = 0
configure:3816: result: yes
configure:3770: checking for unistd.h
configure:3786: gcc -c -g -O2  conftest.c >&5
configure:3792: $? = 0
configure:3796: test -z 
			 || test ! -s conftest.err
configure:3799: $? = 0
configure:3802: test -s conftest.o
configure:3805: $? = 0
configure:3816: result: yes
configure:3828: checking for stdbool.h that conforms to C99
configure:3881: gcc -c -g -O2  conftest.c >&5
conftest.c:51:12: warning: address of 's' will always evaluate to 'true' [-Wpointer-bool-conversion]
        bool e = &s;
             ~    ^
conftest.c:60:10: warning: address of array 'a' will always evaluate to 'true' [-Wpointer-bool-conversion]
 return !a + !b + !c + !d + !e + !f + !g + !h + !i;
        ~^
conftest.c:60:15: warning: address of array 'b' will always evaluate to 'true' [-Wpointer-bool-conversion]
 return !a + !b + !c + !d + !e + !f + !g + !h + !i;
             ~^
conftest.c:60:20: warning: address of array 'c' will always evaluate to 'true' [-Wpointer-bool-conversion]
 return !a + !b + !c + !d + !e + !f + !g + !h + !i;
                  ~^
conftest.c:60:25: warning: address of array 'd' will always evaluate to 'true' [-Wpointer-bool-conversion]
 return !a + !b + !c + !d + !e + !f + !g + !h + !i;
                       ~^
conftest.c:60:35: warning: address of array 'f' will always evaluate to 'true' [-Wpointer-bool-conversion]
 return !a + !b + !c + !d + !e + !f + !g + !h + !i;
                                 ~^
conftest.c:60:40: warning: address of array 'g' will always evaluate to 'true' [-Wpointer-bool-conversion]
 return !a + !b + !c + !d + !e + !f + !g + !h + !i;
                                      ~^
conftest.c:60:45: warning: address of array 'h' will always evaluate to 'true' [-Wpointer-bool-conversion]
 return !a + !b + !c + !d + !e + !f + !g + !h + !i;
                                           ~^
conftest.c:60:50: warning: address of array 'i' will always evaluate to 'true' [-Wpointer-bool-conversion]
 return !a + !b + !c + !d + !e + !f + !g + !h + !i;
                                                ~^
9 warnings generated.
configure:3887: $? = 0
configure:3891: test -z 
			 || test ! -s conftest.err
configure:3894: $? = 0
configure:3897: test -s conftest.o
configure:3900: $? = 0
configure:3911: result: yes
configure:3913: checking for _Bool
configure:3937: gcc -c -g -O2  conftest.c >&5
configure:3943: $? = 0
configure:3947: test -z 
			 || test ! -s conftest.err
configure:3950: $? = 0
configure:3953: test -s conftest.o
configure:3956: $? = 0
configure:3967: result: yes
configure:3986: checking for an ANSI C-conforming const
configure:4053: gcc -c -g -O2  conftest.c >&5
configure:4059: $? = 0
configure:4063: test -z 
			 || test ! -s conftest.err
configure:4066: $? = 0
configure:4069: test -s conftest.o
configure:4072: $? = 0
configure:4083: result: yes
configure:4099: checking for sqrt
configure:4156: gcc -o conftest -g -O2   conftest.c  >&5
conftest.c:50:6: warning: incompatible redeclaration of library function 'sqrt' [-Wincompatible-library-redeclaration]
char sqrt ();
     ^
conftest.c:50:6: note: 'sqrt' is a builtin with type 'double (double)'
1 warning generated.
configure:4162: $? = 0
configure:4166: test -z 
			 || test ! -s conftest.err
configure:4169: $? = 0
configure:4172: test -s conftest
configure:4175: $? = 0
configure:4187: result: yes
configure:4316: creating ./config.status

## ---------------------- ##
## Running config.status. ##
## ---------------------- ##

This file was extended by TraChan config.status 1.0.0, which was
generated by GNU Autoconf 2.59.  Invocation command line was

  CONFIG_FILES    = 
  CONFIG_HEADERS  = 
  CONFIG_LINKS    = 
  CONFIG_COMMANDS = 
  $ ./config.status 

on KasaharaMB2016.local

config.status:695: creating Makefile
config.status:799: creating config.h
config.status:911: config.h is unchanged
config.status:1091: executing depfiles commands

## ---------------- ##
## Cache variables. ##
## ---------------- ##

ac_cv_c_compiler_gnu=yes
ac_cv_c_const=yes
ac_cv_cxx_compiler_gnu=yes
ac_cv_env_CC_set=
ac_cv_env_CC_value=
ac_cv_env_CFLAGS_set=
ac_cv_env_CFLAGS_value=
ac_cv_env_CPPFLAGS_set=
ac_cv_env_CPPFLAGS_value=
ac_cv_env_CPP_set=
ac_cv_env_CPP_value=
ac_cv_env_CXXFLAGS_set=
ac_cv_env_CXXFLAGS_value=
ac_cv_env_CXX_set=
ac_cv_env_CXX_value=
ac_cv_env_LDFLAGS_set=
ac_cv_env_LDFLAGS_value=
ac_cv_env_build_alias_set=
ac_cv_env_build_alias_value=
ac_cv_env_host_alias_set=
ac_cv_env_host_alias_value=
ac_cv_env_target_alias_set=
ac_cv_env_target_alias_value=
ac_cv_exeext=
ac_cv_func_sqrt=yes
ac_cv_header_inttypes_h=yes
ac_cv_header_memory_h=yes
ac_cv_header_stdbool_h=yes
ac_cv_header_stdc=yes
ac_cv_header_stdint_h=yes
ac_cv_header_stdlib_h=yes
ac_cv_header_string_h=yes
ac_cv_header_strings_h=yes
ac_cv_header_sys_stat_h=yes
ac_cv_header_sys_types_h=yes
ac_cv_header_unistd_h=yes
ac_cv_objext=o
ac_cv_path_install='/usr/bin/install -c'
ac_cv_prog_AWK=awk
ac_cv_prog_CPP='gcc -E'
ac_cv_prog_ac_ct_CC=gcc
ac_cv_prog_ac_ct_CXX=g++
ac_cv_prog_cc_g=yes
ac_cv_prog_cc_stdc=
ac_cv_prog_cxx_g=yes
ac_cv_prog_egrep='grep -E'
ac_cv_prog_make_make_set=yes
ac_cv_type__Bool=yes
am_cv_CC_dependencies_compiler_type=gcc3
am_cv_CXX_dependencies_compiler_type=gcc3

## ----------------- ##
## Output variables. ##
## ----------------- ##

ACLOCAL='${SHELL} /Users/kota/Dropbox/works/local/IBiSA_tools/src_trachan/missing --run aclocal-1.9'
AMDEPBACKSLASH='\'
AMDEP_FALSE='#'
AMDEP_TRUE=''
AMTAR='${SHELL} /Users/kota/Dropbox/works/local/IBiSA_tools/src_trachan/missing --run tar'
AUTOCONF='${SHELL} /Users/kota/Dropbox/works/local/IBiSA_tools/src_trachan/missing --run autoconf'
AUTOHEADER='${SHELL} /Users/kota/Dropbox/works/local/IBiSA_tools/src_trachan/missing --run autoheader'
AUTOMAKE='${SHELL} /Users/kota/Dropbox/works/local/IBiSA_tools/src_trachan/missing --run automake-1.9'
AWK='awk'
CC='gcc'
CCDEPMODE='depmode=gcc3'
CFLAGS='-g -O2'
CPP='gcc -E'
CPPFLAGS=''
CXX='g++'
CXXDEPMODE='depmode=gcc3'
CXXFLAGS='-g -O2'
CYGPATH_W='echo'
DEFS='-DHAVE_CONFIG_H'
DEPDIR='.deps'
ECHO_C='ECHO_N=''
ECHO_T=''
EGREP='grep -E'
EXEEXT=''
INSTALL_DATA='${INSTALL} -m 644'
INSTALL_PROGRAM='${INSTALL}'
INSTALL_SCRIPT='${INSTALL}'
INSTALL_STRIP_PROGRAM='${SHELL} $(install_sh) -c -s'
LDFLAGS=''
LIBOBJS=''
LIBS=''
LTLIBOBJS=''
MAKEINFO='${SHELL} /Users/kota/Dropbox/works/local/IBiSA_tools/src_trachan/missing --run makeinfo'
OBJEXT='o'
PACKAGE='trachan'
PACKAGE_BUGREPORT='kasahara@ecei.tohoku.ac.jp'
PACKAGE_NAME='TraChan'
PACKAGE_STRING='TraChan 1.0.0'
PACKAGE_TARNAME='trachan'
PACKAGE_VERSION='1.0.0'
PATH_SEPARATOR=':'
SET_MAKE=''
SHELL='/bin/sh'
STRIP=''
VERSION='1.0.0'
ac_ct_CC='gcc'
ac_ct_CXX='g++'
ac_ct_STRIP=''
am__fastdepCC_FALSE='#'
am__fastdepCC_TRUE=''
am__fastdepCXX_FALSE='#'
am__fastdepCXX_TRUE=''
am__include='include'
am__leading_dot='.'
am__quote=''
am__tar='${AMTAR} chof - "$$tardir"'
am__untar='${AMTAR} xf -'
bindir='${exec_prefix}/bin'
build_alias=''
datadir='${prefix}/share'
exec_prefix='${prefix}'
host_alias=''
includedir='${prefix}/include'
infodir='${prefix}/info'
install_sh='/Users/kota/Dropbox/works/local/IBiSA_tools/src_trachan/install-sh'
libdir='${exec_prefix}/lib'
libexecdir='${exec_prefix}/libexec'
localstatedir='${prefix}/var'
mandir='${prefix}/man'
mkdir_p='$(install_sh) -d'
oldincludedir='/usr/include'
prefix='/usr/local'
program_transform_name='s,x,x,'
sbindir='${exec_prefix}/sbin'
sharedstatedir='${prefix}/com'
sysconfdir='${prefix}/etc'
target_alias=''

## ----------- ##
## confdefs.h. ##
## ----------- ##

#define HAVE_INTTYPES_H 1
#define HAVE_MEMORY_H 1
#define HAVE_SQRT 1
#define HAVE_STDBOOL_H 1
#define HAVE_STDINT_H 1
#define HAVE_STDLIB_H 1
#define HAVE_STRINGS_H 1
#define HAVE_STRING_H 1
#define HAVE_SYS_STAT_H 1
#define HAVE_SYS_TYPES_H 1
#define HAVE_UNISTD_H 1
#define HAVE__BOOL 1
#define PACKAGE "trachan"
#define PACKAGE_BUGREPORT "kasahara@ecei.tohoku.ac.jp"
#define PACKAGE_NAME "TraChan"
#define PACKAGE_STRING "TraChan 1.0.0"
#define PACKAGE_TARNAME "trachan"
#define PACKAGE_VERSION "1.0.0"
#define STDC_HEADERS 1
#define VERSION "1.0.0"
#endif
#ifdef __cplusplus
extern "C" void exit (int);

configure: exit 0
